<?xml version="1.0" encoding="UTF-8"?>
<!-- Generated by org.testng.reporters.JUnitReportReporter -->
<testsuite skipped="0" hostname="mipladmin" name="com.InetBanking.TestCases.Tc_Addcustomer_003" tests="1" failures="0" timestamp="19 Oct 2018 12:25:29 GMT" time="12.812" errors="0">
  <testcase name="addNewCutomer" time="12.812" classname="com.InetBanking.TestCases.Tc_Addcustomer_003"/>
</testsuite> <!-- com.InetBanking.TestCases.Tc_Addcustomer_003 -->
