<?xml version="1.0" encoding="UTF-8"?>
<!-- Generated by org.testng.reporters.JUnitReportReporter -->
<testsuite skipped="0" hostname="mipladmin" name="com.InetBanking.TestCases.Tc_LoginTest_001" tests="1" failures="0" timestamp="19 Oct 2018 12:19:53 GMT" time="1.922" errors="0">
  <testcase name="IsLogedIn" time="1.922" classname="com.InetBanking.TestCases.Tc_LoginTest_001"/>
</testsuite> <!-- com.InetBanking.TestCases.Tc_LoginTest_001 -->
