<?xml version="1.0" encoding="UTF-8"?>
<!-- Generated by org.testng.reporters.JUnitReportReporter -->
<testsuite skipped="1" hostname="mipladmin" name="com.InetBanking.TestCases.Tc_LoginDDT_002" tests="1" failures="0" timestamp="22 Oct 2018 14:25:53 GMT" time="0.000" errors="0">
  <testcase name="loginDDT" time="0.000" classname="com.InetBanking.TestCases.Tc_LoginDDT_002">
    <skipped/>
  </testcase> <!-- loginDDT -->
</testsuite> <!-- com.InetBanking.TestCases.Tc_LoginDDT_002 -->
